TN:
SF:src\autofixer.ts
FN:8,<instance_members_initializer>
FNF:1
FNH:0
FNDA:0,<instance_members_initializer>
DA:1,1
DA:3,1
DA:4,1
DA:5,1
DA:8,1
DA:9,0
DA:10,0
DA:11,0
DA:12,0
DA:13,0
DA:15,0
DA:16,0
DA:17,0
DA:20,0
DA:21,0
DA:23,0
DA:24,0
DA:25,0
DA:26,0
DA:28,0
DA:29,0
DA:31,0
DA:32,0
DA:33,0
DA:35,0
DA:36,0
DA:38,0
DA:39,0
DA:40,0
DA:41,0
DA:43,0
DA:44,0
DA:45,0
DA:46,0
DA:48,0
DA:49,0
DA:50,0
DA:51,0
DA:52,0
DA:53,0
DA:54,0
DA:55,0
DA:57,0
DA:58,0
DA:59,0
DA:60,0
DA:62,0
DA:63,0
DA:64,0
DA:65,0
DA:66,0
DA:67,0
DA:68,0
DA:70,0
DA:71,0
DA:72,0
DA:73,0
DA:74,0
DA:75,0
DA:76,0
DA:78,0
DA:79,0
DA:80,0
DA:81,0
DA:82,0
DA:83,0
DA:84,0
DA:85,0
DA:86,0
DA:88,0
DA:89,0
DA:90,0
DA:91,0
DA:92,0
DA:94,0
DA:96,0
DA:97,0
DA:98,0
DA:100,0
DA:101,0
DA:102,0
DA:104,0
DA:105,0
DA:106,0
DA:109,0
DA:110,0
DA:111,0
DA:112,0
DA:115,0
DA:116,0
DA:118,0
DA:119,0
DA:120,0
DA:122,0
DA:123,0
DA:124,0
DA:126,0
DA:127,0
DA:128,0
DA:129,0
DA:130,0
DA:131,0
DA:133,0
DA:134,0
DA:135,0
DA:136,0
DA:138,0
DA:139,0
DA:140,0
DA:141,0
DA:142,0
DA:143,0
DA:144,0
DA:145,0
DA:146,0
DA:147,0
DA:150,0
DA:151,0
DA:152,0
DA:154,0
DA:155,0
DA:156,0
DA:159,0
DA:160,0
DA:161,0
DA:162,0
DA:164,0
DA:165,0
DA:166,0
DA:168,0
DA:169,0
DA:170,0
DA:172,0
DA:173,0
DA:175,0
DA:176,0
DA:177,0
DA:178,0
DA:179,0
DA:180,0
DA:181,0
DA:183,0
DA:184,0
DA:185,0
DA:187,0
DA:189,0
DA:190,0
DA:191,0
DA:192,0
DA:193,0
DA:194,0
DA:195,0
DA:196,0
DA:197,0
DA:198,0
DA:199,0
DA:200,0
DA:201,0
DA:202,0
DA:204,0
DA:206,0
DA:207,0
DA:208,0
DA:210,0
DA:211,0
DA:212,0
DA:214,0
DA:215,0
DA:216,0
DA:217,0
DA:218,0
DA:219,0
DA:220,0
DA:221,0
DA:222,0
DA:223,0
DA:224,0
DA:225,0
DA:227,0
DA:228,0
DA:229,0
DA:230,0
DA:231,0
DA:232,0
DA:233,0
DA:234,0
DA:236,0
DA:237,0
DA:239,0
DA:241,0
DA:242,0
DA:243,0
DA:245,0
DA:246,0
DA:247,0
DA:248,0
DA:250,0
DA:251,0
DA:252,0
DA:253,0
DA:254,0
DA:255,0
DA:256,0
DA:258,0
DA:260,0
DA:262,0
DA:263,0
DA:264,0
DA:266,0
DA:267,0
DA:269,0
DA:270,0
DA:272,0
DA:273,0
DA:274,0
DA:275,0
DA:277,0
DA:278,0
DA:279,0
DA:280,0
DA:281,0
DA:282,0
DA:283,0
DA:284,0
DA:286,0
DA:287,0
DA:289,0
DA:290,0
DA:291,0
DA:292,0
DA:293,0
DA:294,0
DA:295,0
DA:297,0
DA:298,0
DA:299,0
DA:300,0
DA:301,0
DA:303,0
DA:304,0
DA:305,0
DA:307,0
DA:308,0
DA:309,0
DA:310,0
DA:311,0
DA:312,0
DA:313,0
DA:314,0
DA:315,0
DA:316,0
DA:317,0
DA:319,0
DA:320,0
DA:321,0
DA:322,0
DA:323,0
DA:324,0
DA:325,0
DA:326,0
DA:327,0
DA:328,0
DA:330,0
DA:331,0
DA:332,0
DA:333,0
DA:334,0
DA:335,0
DA:336,0
DA:337,0
DA:338,0
DA:339,0
DA:340,0
DA:341,0
DA:342,0
DA:343,0
DA:344,0
DA:345,0
DA:346,0
DA:347,0
DA:348,0
DA:349,0
DA:350,0
DA:352,0
DA:353,0
DA:355,0
DA:356,0
DA:357,0
DA:358,0
DA:359,0
DA:360,0
DA:361,0
DA:362,0
DA:364,0
DA:365,0
DA:366,0
DA:367,0
DA:368,0
DA:370,0
DA:371,0
DA:372,0
DA:373,0
DA:374,0
DA:376,0
DA:377,0
DA:378,0
DA:380,0
DA:381,0
DA:382,0
DA:383,0
DA:389,0
DA:390,0
DA:391,0
DA:392,0
DA:393,0
DA:395,0
DA:396,0
DA:398,0
DA:399,0
DA:400,0
DA:401,0
DA:402,0
DA:403,0
DA:404,0
DA:405,0
DA:406,0
DA:407,0
DA:408,0
DA:409,0
DA:410,0
DA:411,0
DA:412,0
LF:332
LH:5
BRDA:8,0,0,0
BRF:1
BRH:0
end_of_record
TN:
SF:src\index.ts
FN:12,getVersion
FN:22,main
FNF:2
FNH:1
FNDA:4,getVersion
FNDA:0,main
DA:2,1
DA:3,1
DA:4,1
DA:5,1
DA:6,1
DA:7,1
DA:8,1
DA:10,1
DA:12,1
DA:13,4
DA:14,4
DA:15,4
DA:16,4
DA:17,4
DA:18,2
DA:19,2
DA:20,4
DA:22,0
DA:23,0
DA:24,0
DA:25,0
DA:27,0
DA:28,0
DA:29,0
DA:30,0
DA:32,0
DA:33,0
DA:34,0
DA:35,0
DA:38,0
DA:39,0
DA:40,0
DA:41,0
DA:43,0
DA:44,0
DA:45,0
DA:47,0
DA:48,0
DA:49,0
DA:50,0
DA:51,0
DA:52,0
DA:53,0
DA:54,0
DA:55,0
DA:56,0
DA:57,0
DA:59,1
DA:60,0
DA:61,0
DA:62,0
DA:63,0
DA:64,0
LF:53
LH:18
BRDA:59,0,0,0
BRDA:12,1,0,4
BRDA:16,2,0,1
BRDA:17,3,0,2
BRF:4
BRH:3
end_of_record
TN:
SF:src\services\github-api.ts
FN:15,<instance_members_initializer>
FN:19,GitHubApiService
FN:23,error
FN:24,warn
FN:25,info
FN:26,debug
FN:29,onRateLimit
FN:36,onSecondaryRateLimit
FN:44,setSpinner
FN:48,fetchCodeScanningAlerts
FN:108,getAutofixStatus
FN:121,createAutofix
FN:134,commitAutofix
FN:147,createBranch
FN:170,branchExists
FN:183,mergeBranch
FN:192,createPullRequest
FN:215,fetchOrganizationRepositories
FNF:18
FNH:3
FNDA:4,<instance_members_initializer>
FNDA:4,GitHubApiService
FNDA:0,error
FNDA:0,warn
FNDA:0,info
FNDA:0,debug
FNDA:0,onRateLimit
FNDA:0,onSecondaryRateLimit
FNDA:1,setSpinner
FNDA:0,fetchCodeScanningAlerts
FNDA:0,getAutofixStatus
FNDA:0,createAutofix
FNDA:0,commitAutofix
FNDA:0,createBranch
FNDA:0,branchExists
FNDA:0,mergeBranch
FNDA:0,createPullRequest
FNDA:0,fetchOrganizationRepositories
DA:1,1
DA:2,1
DA:13,1
DA:15,1
DA:16,4
DA:17,4
DA:19,4
DA:20,4
DA:21,4
DA:22,4
DA:23,4
DA:24,4
DA:25,4
DA:26,4
DA:27,4
DA:28,4
DA:29,4
DA:30,0
DA:31,0
DA:32,0
DA:33,0
DA:34,0
DA:35,0
DA:36,4
DA:37,0
DA:38,0
DA:39,0
DA:40,4
DA:41,4
DA:42,4
DA:44,4
DA:45,1
DA:46,1
DA:48,4
DA:49,0
DA:50,0
DA:51,0
DA:56,0
DA:57,0
DA:59,0
DA:61,0
DA:62,0
DA:63,0
DA:64,0
DA:65,0
DA:66,0
DA:68,0
DA:69,0
DA:70,0
DA:71,0
DA:72,0
DA:73,0
DA:74,0
DA:75,0
DA:77,0
DA:78,0
DA:79,0
DA:80,0
DA:81,0
DA:83,0
DA:84,0
DA:85,0
DA:86,0
DA:87,0
DA:88,0
DA:89,0
DA:90,0
DA:93,0
DA:94,0
DA:95,0
DA:96,0
DA:97,0
DA:98,0
DA:100,0
DA:101,0
DA:102,0
DA:103,0
DA:105,0
DA:106,0
DA:108,4
DA:109,0
DA:110,0
DA:111,0
DA:113,0
DA:114,0
DA:115,0
DA:117,0
DA:118,0
DA:119,0
DA:121,4
DA:122,0
DA:123,0
DA:124,0
DA:126,0
DA:127,0
DA:128,0
DA:130,0
DA:131,0
DA:132,0
DA:134,4
DA:135,0
DA:136,0
DA:137,0
DA:139,0
DA:140,0
DA:141,0
DA:143,0
DA:144,0
DA:145,0
DA:147,4
DA:149,0
DA:150,0
DA:151,0
DA:152,0
DA:155,0
DA:156,0
DA:157,0
DA:158,0
DA:159,0
DA:162,0
DA:163,0
DA:164,0
DA:165,0
DA:166,0
DA:167,0
DA:168,0
DA:170,4
DA:171,0
DA:172,0
DA:173,0
DA:174,0
DA:175,0
DA:176,0
DA:177,0
DA:178,0
DA:179,0
DA:180,0
DA:181,0
DA:183,4
DA:184,0
DA:185,0
DA:186,0
DA:187,0
DA:188,0
DA:189,0
DA:190,0
DA:192,4
DA:193,0
DA:194,0
DA:195,0
DA:196,0
DA:197,0
DA:198,0
DA:199,0
DA:200,0
DA:201,0
DA:202,0
DA:203,0
DA:204,0
DA:205,0
DA:206,0
DA:207,0
DA:209,0
DA:210,0
DA:211,0
DA:212,0
DA:213,0
DA:215,4
DA:216,0
DA:218,0
DA:219,0
DA:220,0
DA:221,0
DA:222,0
DA:223,0
DA:224,0
DA:225,0
DA:226,0
DA:227,0
DA:228,0
DA:229,0
DA:230,0
DA:232,0
DA:233,0
DA:234,4
LF:185
LH:34
BRDA:15,0,0,4
BRDA:19,1,0,4
BRDA:44,2,0,1
BRF:3
BRH:3
end_of_record
TN:
SF:src\utils\cli-parser.ts
FN:25,<static_initializer>
FN:80,parse
FN:188,consumeArgument
FN:195,validateOptions
FN:224,showHelp
FN:228,showVersion
FNF:6
FNH:4
FNDA:2,<static_initializer>
FNDA:17,parse
FNDA:8,consumeArgument
FNDA:16,validateOptions
FNDA:0,showHelp
FNDA:0,showVersion
DA:25,1
DA:26,2
DA:80,2
DA:81,17
DA:83,17
DA:84,21
DA:85,21
DA:87,21
DA:88,21
DA:89,21
DA:90,2
DA:91,2
DA:92,21
DA:93,21
DA:94,2
DA:95,2
DA:96,21
DA:97,21
DA:98,2
DA:99,2
DA:100,21
DA:101,21
DA:102,2
DA:103,2
DA:104,2
DA:105,21
DA:106,21
DA:107,2
DA:108,2
DA:109,2
DA:110,21
DA:111,21
DA:112,1
DA:113,1
DA:114,1
DA:115,21
DA:116,1
DA:117,1
DA:118,1
DA:119,21
DA:120,21
DA:121,0
DA:122,0
DA:123,0
DA:124,21
DA:125,21
DA:126,0
DA:127,0
DA:128,0
DA:129,21
DA:130,21
DA:131,1
DA:132,1
DA:133,1
DA:134,21
DA:135,0
DA:136,0
DA:137,0
DA:138,21
DA:139,0
DA:140,0
DA:141,0
DA:142,21
DA:143,2
DA:144,2
DA:145,21
DA:146,2
DA:147,2
DA:148,21
DA:149,0
DA:150,0
DA:151,0
DA:152,21
DA:153,0
DA:154,0
DA:155,0
DA:156,21
DA:157,1
DA:158,1
DA:159,0
DA:160,0
DA:161,1
DA:162,1
DA:163,21
DA:164,2
DA:165,2
DA:166,21
DA:167,0
DA:168,0
DA:169,21
DA:170,0
DA:171,0
DA:172,0
DA:173,21
DA:174,1
DA:175,1
DA:176,21
DA:177,0
DA:178,0
DA:179,0
DA:180,0
DA:181,21
DA:182,21
DA:184,20
DA:185,20
DA:186,17
DA:188,2
DA:189,8
DA:190,1
DA:191,1
DA:192,7
DA:193,8
DA:195,2
DA:196,16
DA:197,1
DA:198,1
DA:200,16
DA:201,0
DA:202,0
DA:204,16
DA:205,0
DA:206,0
DA:208,16
DA:209,1
DA:210,1
DA:211,1
DA:212,0
DA:213,0
DA:214,1
DA:216,16
DA:217,0
DA:218,0
DA:219,0
DA:220,0
DA:221,0
DA:222,16
DA:224,2
DA:225,0
DA:226,0
DA:228,2
DA:230,0
DA:231,0
DA:232,0
DA:233,2
LF:144
LH:99
BRDA:25,0,0,2
BRDA:80,1,0,17
BRDA:83,2,0,21
BRDA:88,3,0,1
BRDA:89,4,0,2
BRDA:92,5,0,1
BRDA:93,6,0,2
BRDA:96,7,0,0
BRDA:97,8,0,2
BRDA:100,9,0,0
BRDA:101,10,0,2
BRDA:105,11,0,0
BRDA:106,12,0,2
BRDA:110,13,0,0
BRDA:111,14,0,1
BRDA:115,15,0,1
BRDA:119,16,0,0
BRDA:120,17,0,0
BRDA:124,18,0,0
BRDA:125,19,0,0
BRDA:129,20,0,0
BRDA:130,21,0,1
BRDA:134,22,0,0
BRDA:138,23,0,0
BRDA:142,24,0,2
BRDA:145,25,0,2
BRDA:148,26,0,0
BRDA:152,27,0,0
BRDA:156,28,0,1
BRDA:158,29,0,0
BRDA:163,30,0,2
BRDA:166,31,0,0
BRDA:169,32,0,0
BRDA:173,33,0,1
BRDA:176,34,0,0
BRDA:182,35,0,20
BRDA:116,36,0,3
BRDA:131,37,0,2
BRDA:188,38,0,8
BRDA:189,39,0,7
BRDA:189,40,0,1
BRDA:191,41,0,7
BRDA:195,42,0,16
BRDA:196,43,0,2
BRDA:196,44,0,1
BRDA:198,45,0,15
BRDA:200,46,0,2
BRDA:200,47,0,0
BRDA:202,48,0,15
BRDA:204,49,0,1
BRDA:204,50,0,0
BRDA:206,51,0,15
BRDA:208,52,0,1
BRDA:211,53,0,0
BRDA:214,54,0,15
BRDA:216,55,0,0
BRDA:210,56,0,2
BRF:57
BRH:36
end_of_record
TN:
SF:src\utils\error-handler.ts
FN:4,getMessage
FN:12,getSecuritySeverityEmoji
FN:27,createSpinnerTimerMessage
FNF:3
FNH:3
FNDA:3,getMessage
FNDA:6,getSecuritySeverityEmoji
FNDA:2,createSpinnerTimerMessage
DA:1,1
DA:3,1
DA:4,1
DA:5,3
DA:6,1
DA:7,3
DA:8,2
DA:9,2
DA:10,3
DA:12,1
DA:13,6
DA:14,6
DA:15,1
DA:16,6
DA:17,1
DA:18,6
DA:19,1
DA:20,6
DA:21,1
DA:22,6
DA:23,2
DA:24,6
DA:25,6
DA:27,1
DA:28,2
DA:29,2
DA:30,2
DA:31,2
DA:32,2
DA:33,1
DA:34,1
DA:35,1
DA:36,0
DA:37,0
DA:38,0
DA:39,0
DA:40,0
DA:41,0
DA:42,1
DA:43,1
DA:44,2
DA:45,1
LF:42
LH:36
BRDA:4,0,0,3
BRDA:5,1,0,1
BRDA:7,2,0,2
BRDA:8,3,0,1
BRDA:8,4,0,1
BRDA:12,5,0,6
BRDA:14,6,0,1
BRDA:16,7,0,1
BRDA:18,8,0,1
BRDA:20,9,0,1
BRDA:22,10,0,2
BRDA:27,11,0,2
BRDA:32,12,0,1
BRF:13
BRH:13
end_of_record
TN:
SF:src\utils\repository-prompts.ts
FN:6,promptForRepository
FN:74,promptForAlertSelection
FN:114,promptForBranchName
FN:148,confirmAutofixes
FN:159,promptForToken
FN:164,validate
FN:181,confirmPullRequestCreation
FN:192,promptForPullRequestDetails
FN:208,promptForRepositorySelection
FNF:9
FNH:2
FNDA:0,promptForRepository
FNDA:0,promptForAlertSelection
FNDA:0,promptForBranchName
FNDA:0,confirmAutofixes
FNDA:3,promptForToken
FNDA:3,validate
FNDA:0,confirmPullRequestCreation
FNDA:0,promptForPullRequestDetails
FNDA:0,promptForRepositorySelection
DA:1,1
DA:3,1
DA:5,1
DA:6,1
DA:7,0
DA:8,0
DA:9,0
DA:11,0
DA:12,0
DA:13,0
DA:14,0
DA:15,0
DA:16,0
DA:17,0
DA:18,0
DA:19,0
DA:20,0
DA:21,0
DA:22,0
DA:24,0
DA:25,0
DA:26,0
DA:27,0
DA:28,0
DA:29,0
DA:30,0
DA:32,0
DA:33,0
DA:34,0
DA:35,0
DA:37,0
DA:38,0
DA:39,0
DA:40,0
DA:41,0
DA:42,0
DA:44,0
DA:45,0
DA:46,0
DA:47,0
DA:49,0
DA:50,0
DA:51,0
DA:52,0
DA:53,0
DA:54,0
DA:55,0
DA:56,0
DA:57,0
DA:58,0
DA:59,0
DA:61,0
DA:62,0
DA:63,0
DA:64,0
DA:66,0
DA:67,0
DA:68,0
DA:69,0
DA:71,0
DA:72,0
DA:74,1
DA:75,0
DA:76,0
DA:77,0
DA:78,0
DA:79,0
DA:80,0
DA:81,0
DA:83,0
DA:84,0
DA:85,0
DA:87,0
DA:88,0
DA:89,0
DA:90,0
DA:91,0
DA:92,0
DA:93,0
DA:95,0
DA:96,0
DA:97,0
DA:98,0
DA:99,0
DA:101,0
DA:102,0
DA:103,0
DA:104,0
DA:106,0
DA:107,0
DA:108,0
DA:110,0
DA:111,0
DA:112,0
DA:114,1
DA:115,0
DA:116,0
DA:118,0
DA:119,0
DA:120,0
DA:121,0
DA:122,0
DA:123,0
DA:124,0
DA:126,0
DA:127,0
DA:128,0
DA:129,0
DA:130,0
DA:131,0
DA:133,0
DA:134,0
DA:135,0
DA:136,0
DA:138,0
DA:139,0
DA:140,0
DA:141,0
DA:142,0
DA:143,0
DA:145,0
DA:146,0
DA:148,1
DA:149,0
DA:150,0
DA:151,0
DA:152,0
DA:153,0
DA:154,0
DA:156,0
DA:157,0
DA:159,1
DA:160,3
DA:162,3
DA:163,3
DA:164,3
DA:165,3
DA:166,3
DA:167,1
DA:168,1
DA:169,1
DA:170,3
DA:171,3
DA:173,3
DA:174,1
DA:175,1
DA:176,1
DA:178,2
DA:179,3
DA:181,1
DA:182,0
DA:183,0
DA:184,0
DA:185,0
DA:186,0
DA:187,0
DA:189,0
DA:190,0
DA:192,1
DA:193,0
DA:194,0
DA:195,0
DA:196,0
DA:197,0
DA:198,0
DA:200,0
DA:201,0
DA:202,0
DA:203,0
DA:205,0
DA:206,0
DA:208,1
DA:209,0
DA:210,0
DA:211,0
DA:212,0
DA:213,0
DA:214,0
DA:215,0
DA:216,0
DA:217,0
DA:218,0
DA:219,0
DA:220,0
DA:221,0
DA:222,0
DA:224,0
DA:225,0
DA:226,0
DA:227,0
DA:228,0
DA:230,0
DA:231,0
DA:232,0
DA:233,0
DA:235,0
DA:236,0
DA:237,0
DA:239,0
DA:240,0
DA:241,1
LF:201
LH:29
BRDA:159,0,0,3
BRDA:173,1,0,1
BRDA:176,2,0,2
BRDA:164,3,0,3
BRDA:165,4,0,1
BRDA:165,5,0,2
BRDA:166,6,0,1
BRDA:166,7,0,1
BRF:8
BRH:8
end_of_record
